Running task number 7
/home1/efeghhi/.conda/envs/env3/lib/python3.7/site-packages/ptsa/data/timeseries.py:526: FutureWarning: xarray subclass TimeSeriesX should explicitly define __slots__
  class TimeSeriesX(TimeSeries):
/home1/efeghhi/ripple_memory/create_events.py:73: UserWarning: Boolean Series key will be reindexed to match DataFrame index.
  ((df.subject!='R1239E') | (df.session!=0)) # some correlated noise (can see in catFR1 problem sessions ppt)
Number of sessions left:  263
COMMAND LINE ARGUMENT:  7
/home1/efeghhi/.conda/envs/env3/lib/python3.7/site-packages/statsmodels/tools/_testing.py:19: FutureWarning: pandas.util.testing is deprecated. Use the functions in the public API at pandas.testing instead.
  import pandas.util.testing as tm
Accessed row
/home1/efeghhi/.conda/envs/env3/lib/python3.7/site-packages/outdated/utils.py:18: OutdatedPackageWarning: The package outdated is out of date. Your version is 0.2.0, the latest is 0.2.2.
Set the environment variable OUTDATED_IGNORE=1 to disable these warnings.
  **kwargs
/home1/efeghhi/.conda/envs/env3/lib/python3.7/site-packages/outdated/utils.py:18: OutdatedPackageWarning: The package pingouin is out of date. Your version is 0.3.4, the latest is 0.5.3.
Set the environment variable OUTDATED_IGNORE=1 to disable these warnings.
  **kwargs
/home1/efeghhi/ripple_memory/create_events.py:398: RuntimeWarning: Mean of empty slice
  temporal_list_mean = np.nanmean(temporal_transition_scores[temporal_transition_scores > -990])
/home1/efeghhi/.conda/envs/env3/lib/python3.7/site-packages/numpy/core/fromnumeric.py:3257: RuntimeWarning: Mean of empty slice.
  out=out, **kwargs)
/home1/efeghhi/.conda/envs/env3/lib/python3.7/site-packages/numpy/core/_methods.py:161: RuntimeWarning: invalid value encountered in double_scalars
  ret = ret.dtype.type(ret / rcount)
/home1/efeghhi/.conda/envs/env3/lib/python3.7/site-packages/numpy/core/fromnumeric.py:3257: RuntimeWarning: Mean of empty slice.
  out=out, **kwargs)
/home1/efeghhi/.conda/envs/env3/lib/python3.7/site-packages/numpy/core/_methods.py:161: RuntimeWarning: invalid value encountered in double_scalars
  ret = ret.dtype.type(ret / rcount)
/home1/efeghhi/.conda/envs/env3/lib/python3.7/site-packages/numpy/core/fromnumeric.py:3257: RuntimeWarning: Mean of empty slice.
  out=out, **kwargs)
/home1/efeghhi/.conda/envs/env3/lib/python3.7/site-packages/numpy/core/_methods.py:161: RuntimeWarning: invalid value encountered in double_scalars
  ret = ret.dtype.type(ret / rcount)
/home1/efeghhi/ripple_memory/create_events.py:398: RuntimeWarning: Mean of empty slice
  temporal_list_mean = np.nanmean(temporal_transition_scores[temporal_transition_scores > -990])
/home1/efeghhi/.conda/envs/env3/lib/python3.7/site-packages/numpy/core/fromnumeric.py:3257: RuntimeWarning: Mean of empty slice.
  out=out, **kwargs)
/home1/efeghhi/.conda/envs/env3/lib/python3.7/site-packages/numpy/core/_methods.py:161: RuntimeWarning: invalid value encountered in double_scalars
  ret = ret.dtype.type(ret / rcount)
/home1/efeghhi/cmlreaders/cmlreaders/readers/electrodes.py:238: MissingCoordinatesWarning: Could not load MNI coordinates
  "Could not load MNI coordinates"))
/home1/efeghhi/.conda/envs/env3/lib/python3.7/site-packages/ptsa/data/readers/tal.py:43: FutureWarning: Lab-specific readers may be moved to the cmlreaders package (https://github.com/pennmem/cmlreaders)
  FutureWarning)
CPP total time wavelet loop:  8.128351211547852
CPP total time wavelet loop:  8.012189865112305
CPP total time wavelet loop:  3.968759775161743
CPP total time wavelet loop:  4.027979373931885
CPP total time wavelet loop:  10.512253761291504
CPP total time wavelet loop:  9.16553258895874
CPP total time wavelet loop:  7.038919687271118
CPP total time wavelet loop:  7.072659254074097
Saved data
finished ClusterRunSWRs for 7!!
