Running task number 1
/home1/efeghhi/.conda/envs/env3/lib/python3.7/site-packages/ptsa/data/timeseries.py:526: FutureWarning: xarray subclass TimeSeriesX should explicitly define __slots__
  class TimeSeriesX(TimeSeries):
/home1/efeghhi/.conda/envs/env3/lib/python3.7/site-packages/statsmodels/tools/_testing.py:19: FutureWarning: pandas.util.testing is deprecated. Use the functions in the public API at pandas.testing instead.
  import pandas.util.testing as tm
/home1/efeghhi/.conda/envs/env3/lib/python3.7/site-packages/outdated/utils.py:18: OutdatedPackageWarning: The package outdated is out of date. Your version is 0.2.0, the latest is 0.2.2.
Set the environment variable OUTDATED_IGNORE=1 to disable these warnings.
  **kwargs
R1032D-1/home1/efeghhi/.conda/envs/env3/lib/python3.7/site-packages/outdated/utils.py:18: OutdatedPackageWarning: The package pingouin is out of date. Your version is 0.3.4, the latest is 0.5.3.
Set the environment variable OUTDATED_IGNORE=1 to disable these warnings.
  **kwargs

/home1/efeghhi/cmlreaders/cmlreaders/readers/electrodes.py:238: MissingCoordinatesWarning: Could not load MNI coordinates
  "Could not load MNI coordinates"))
/home1/efeghhi/.conda/envs/env3/lib/python3.7/site-packages/ptsa/data/readers/tal.py:43: FutureWarning: Lab-specific readers may be moved to the cmlreaders package (https://github.com/pennmem/cmlreaders)
  FutureWarning)
216 matching events found
No baseline correction applied
Not setting metadata
0 projection items activated
0 bad epochs dropped
Adding metadata with 23 columns
Setting up band-stop filter from 58 - 62 Hz

IIR filter parameters
---------------------
Butterworth bandstop zero-phase (two-pass forward and reverse) non-causal filter:
- Filter order 16 (effective, after forward-backward)
- Cutoffs at 58.00, 62.00 Hz: -6.02, -6.02 dB

[Parallel(n_jobs=8)]: Using backend LokyBackend with 8 concurrent workers.
[Parallel(n_jobs=8)]: Done  10 tasks      | elapsed:    6.2s
[Parallel(n_jobs=8)]: Done 551 tasks      | elapsed:    7.7s
[Parallel(n_jobs=8)]: Done 1660 tasks      | elapsed:    9.1s
[Parallel(n_jobs=8)]: Done 1728 out of 1728 | elapsed:    9.2s finished
Using channel 0
/home1/efeghhi/.conda/envs/env3/lib/python3.7/site-packages/pingouin/effsize.py:145: RuntimeWarning: divide by zero encountered in arctanh
  z = np.arctanh(stat)
/home1/efeghhi/.conda/envs/env3/lib/python3.7/site-packages/pingouin/power.py:923: RuntimeWarning: divide by zero encountered in arctanh
  zr = np.arctanh(r) + r / (2 * (n - 1))
/home1/efeghhi/.conda/envs/env3/lib/python3.7/site-packages/pingouin/pairwise.py:1144: RuntimeWarning: divide by zero encountered in arctanh
  stats['z'] = np.arctanh(stats['r'].to_numpy())
Using channel 1
/home1/efeghhi/.conda/envs/env3/lib/python3.7/site-packages/pingouin/effsize.py:145: RuntimeWarning: divide by zero encountered in arctanh
  z = np.arctanh(stat)
/home1/efeghhi/.conda/envs/env3/lib/python3.7/site-packages/pingouin/power.py:923: RuntimeWarning: divide by zero encountered in arctanh
  zr = np.arctanh(r) + r / (2 * (n - 1))
/home1/efeghhi/.conda/envs/env3/lib/python3.7/site-packages/pingouin/pairwise.py:1144: RuntimeWarning: divide by zero encountered in arctanh
  stats['z'] = np.arctanh(stats['r'].to_numpy())
Using channel 2
/home1/efeghhi/.conda/envs/env3/lib/python3.7/site-packages/pingouin/effsize.py:145: RuntimeWarning: divide by zero encountered in arctanh
  z = np.arctanh(stat)
/home1/efeghhi/.conda/envs/env3/lib/python3.7/site-packages/pingouin/power.py:923: RuntimeWarning: divide by zero encountered in arctanh
  zr = np.arctanh(r) + r / (2 * (n - 1))
/home1/efeghhi/.conda/envs/env3/lib/python3.7/site-packages/pingouin/pairwise.py:1144: RuntimeWarning: divide by zero encountered in arctanh
  stats['z'] = np.arctanh(stats['r'].to_numpy())
Using channel 3
/home1/efeghhi/.conda/envs/env3/lib/python3.7/site-packages/pingouin/effsize.py:145: RuntimeWarning: divide by zero encountered in arctanh
  z = np.arctanh(stat)
/home1/efeghhi/.conda/envs/env3/lib/python3.7/site-packages/pingouin/power.py:923: RuntimeWarning: divide by zero encountered in arctanh
  zr = np.arctanh(r) + r / (2 * (n - 1))
/home1/efeghhi/.conda/envs/env3/lib/python3.7/site-packages/pingouin/pairwise.py:1144: RuntimeWarning: divide by zero encountered in arctanh
  stats['z'] = np.arctanh(stats['r'].to_numpy())
Using channel 4
/home1/efeghhi/.conda/envs/env3/lib/python3.7/site-packages/pingouin/effsize.py:145: RuntimeWarning: divide by zero encountered in arctanh
  z = np.arctanh(stat)
/home1/efeghhi/.conda/envs/env3/lib/python3.7/site-packages/pingouin/power.py:923: RuntimeWarning: divide by zero encountered in arctanh
  zr = np.arctanh(r) + r / (2 * (n - 1))
/home1/efeghhi/.conda/envs/env3/lib/python3.7/site-packages/pingouin/pairwise.py:1144: RuntimeWarning: divide by zero encountered in arctanh
  stats['z'] = np.arctanh(stats['r'].to_numpy())
Using channel 5
/home1/efeghhi/.conda/envs/env3/lib/python3.7/site-packages/pingouin/effsize.py:145: RuntimeWarning: divide by zero encountered in arctanh
  z = np.arctanh(stat)
/home1/efeghhi/.conda/envs/env3/lib/python3.7/site-packages/pingouin/power.py:923: RuntimeWarning: divide by zero encountered in arctanh
  zr = np.arctanh(r) + r / (2 * (n - 1))
/home1/efeghhi/.conda/envs/env3/lib/python3.7/site-packages/pingouin/pairwise.py:1144: RuntimeWarning: divide by zero encountered in arctanh
  stats['z'] = np.arctanh(stats['r'].to_numpy())
Using channel 6
/home1/efeghhi/.conda/envs/env3/lib/python3.7/site-packages/pingouin/effsize.py:145: RuntimeWarning: divide by zero encountered in arctanh
  z = np.arctanh(stat)
/home1/efeghhi/.conda/envs/env3/lib/python3.7/site-packages/pingouin/power.py:923: RuntimeWarning: divide by zero encountered in arctanh
  zr = np.arctanh(r) + r / (2 * (n - 1))
/home1/efeghhi/.conda/envs/env3/lib/python3.7/site-packages/pingouin/pairwise.py:1144: RuntimeWarning: divide by zero encountered in arctanh
  stats['z'] = np.arctanh(stats['r'].to_numpy())
Using channel 7
/home1/efeghhi/.conda/envs/env3/lib/python3.7/site-packages/pingouin/effsize.py:145: RuntimeWarning: divide by zero encountered in arctanh
  z = np.arctanh(stat)
/home1/efeghhi/.conda/envs/env3/lib/python3.7/site-packages/pingouin/power.py:923: RuntimeWarning: divide by zero encountered in arctanh
  zr = np.arctanh(r) + r / (2 * (n - 1))
/home1/efeghhi/.conda/envs/env3/lib/python3.7/site-packages/pingouin/pairwise.py:1144: RuntimeWarning: divide by zero encountered in arctanh
  stats['z'] = np.arctanh(stats['r'].to_numpy())
Setting up band-stop filter from 1.2e+02 - 1.2e+02 Hz

IIR filter parameters
---------------------
Butterworth bandstop zero-phase (two-pass forward and reverse) non-causal filter:
- Filter order 16 (effective, after forward-backward)
- Cutoffs at 118.00, 122.00 Hz: -6.02, -6.02 dB

[Parallel(n_jobs=8)]: Using backend LokyBackend with 8 concurrent workers.
[Parallel(n_jobs=8)]: Done  10 tasks      | elapsed:    4.6s
[Parallel(n_jobs=8)]: Done 365 tasks      | elapsed:    5.4s
[Parallel(n_jobs=8)]: Done 1652 tasks      | elapsed:    7.3s
[Parallel(n_jobs=8)]: Done 1728 out of 1728 | elapsed:    7.4s finished
Setting up high-pass filter at 0.5 Hz

IIR filter parameters
---------------------
Butterworth highpass zero-phase (two-pass forward and reverse) non-causal filter:
- Filter order 8 (effective, after forward-backward)
- Cutoff at 0.50 Hz: -6.02 dB

[Parallel(n_jobs=8)]: Using backend LokyBackend with 8 concurrent workers.
[Parallel(n_jobs=8)]: Done  10 tasks      | elapsed:    4.3s
[Parallel(n_jobs=8)]: Done 709 tasks      | elapsed:    5.4s
[Parallel(n_jobs=8)]: Done 1692 tasks      | elapsed:    6.6s
[Parallel(n_jobs=8)]: Done 1728 out of 1728 | elapsed:    6.7s finished
HFA POWER
[Parallel(n_jobs=8)]: Using backend LokyBackend with 8 concurrent workers.
[Parallel(n_jobs=8)]: Done   3 out of   8 | elapsed:   11.7s remaining:   19.5s
[Parallel(n_jobs=8)]: Done   5 out of   8 | elapsed:   13.8s remaining:    8.3s
[Parallel(n_jobs=8)]: Done   8 out of   8 | elapsed:   15.5s finished
Adding metadata with 23 columns
THETA POWER
[Parallel(n_jobs=8)]: Using backend LokyBackend with 8 concurrent workers.
[Parallel(n_jobs=8)]: Done   3 out of   8 | elapsed:   18.1s remaining:   30.1s
[Parallel(n_jobs=8)]: Done   5 out of   8 | elapsed:   18.6s remaining:   11.2s
[Parallel(n_jobs=8)]: Done   8 out of   8 | elapsed:   27.6s finished
Adding metadata with 23 columns
THETA PHASE
[Parallel(n_jobs=8)]: Using backend LokyBackend with 8 concurrent workers.
[Parallel(n_jobs=8)]: Done   3 out of   8 | elapsed:   18.0s remaining:   29.9s
[Parallel(n_jobs=8)]: Done   5 out of   8 | elapsed:   18.7s remaining:   11.2s
[Parallel(n_jobs=8)]: Done   8 out of   8 | elapsed:   26.6s finished
Adding metadata with 23 columns
GAMMA POWER
[Parallel(n_jobs=8)]: Using backend LokyBackend with 8 concurrent workers.
[Parallel(n_jobs=8)]: Done   3 out of   8 | elapsed:   17.8s remaining:   29.6s
[Parallel(n_jobs=8)]: Done   5 out of   8 | elapsed:   21.5s remaining:   12.9s
[Parallel(n_jobs=8)]: Done   8 out of   8 | elapsed:   25.1s finished
Adding metadata with 23 columns
SAVE FILE NAME:  /scratch/efeghhi/catFR1/ENCODING/SWR_catFR1_R1032D_1_HPC_encoding_soz_in_hamming.p
Saved data
finished ClusterRunSWRs for 1
