Running task number 555
/home1/efeghhi/.conda/envs/env3/lib/python3.7/site-packages/ptsa/data/timeseries.py:526: FutureWarning: xarray subclass TimeSeriesX should explicitly define __slots__
  class TimeSeriesX(TimeSeries):
/home1/efeghhi/.conda/envs/env3/lib/python3.7/site-packages/statsmodels/tools/_testing.py:19: FutureWarning: pandas.util.testing is deprecated. Use the functions in the public API at pandas.testing instead.
  import pandas.util.testing as tm
/home1/efeghhi/.conda/envs/env3/lib/python3.7/site-packages/outdated/utils.py:18: OutdatedPackageWarning: The package outdated is out of date. Your version is 0.2.0, the latest is 0.2.2.
Set the environment variable OUTDATED_IGNORE=1 to disable these warnings.
  **kwargs
/home1/efeghhi/.conda/envs/env3/lib/python3.7/site-packages/outdated/utils.py:18: OutdatedPackageWarning: The package pingouin is out of date. Your version is 0.3.4, the latest is 0.5.4.
Set the environment variable OUTDATED_IGNORE=1 to disable these warnings.
  **kwargs
R1659A-0
/home1/efeghhi/.conda/envs/env3/lib/python3.7/site-packages/ptsa/data/readers/tal.py:43: FutureWarning: Lab-specific readers may be moved to the cmlreaders package (https://github.com/pennmem/cmlreaders)
  FutureWarning)
144 matching events found
No baseline correction applied
Not setting metadata
0 projection items activated
0 bad epochs dropped
Adding metadata with 28 columns
Using channel 0
R1659A, 0 skipped b/c below ripple rate thresh for ch.: 0
Using channel 1
/home1/efeghhi/.conda/envs/env3/lib/python3.7/site-packages/pingouin/effsize.py:145: RuntimeWarning: divide by zero encountered in arctanh
  z = np.arctanh(stat)
/home1/efeghhi/.conda/envs/env3/lib/python3.7/site-packages/pingouin/power.py:923: RuntimeWarning: divide by zero encountered in arctanh
  zr = np.arctanh(r) + r / (2 * (n - 1))
/home1/efeghhi/.conda/envs/env3/lib/python3.7/site-packages/pingouin/pairwise.py:1144: RuntimeWarning: divide by zero encountered in arctanh
  stats['z'] = np.arctanh(stats['r'].to_numpy())
Using channel 2
/home1/efeghhi/.conda/envs/env3/lib/python3.7/site-packages/pingouin/effsize.py:145: RuntimeWarning: divide by zero encountered in arctanh
  z = np.arctanh(stat)
/home1/efeghhi/.conda/envs/env3/lib/python3.7/site-packages/pingouin/power.py:923: RuntimeWarning: divide by zero encountered in arctanh
  zr = np.arctanh(r) + r / (2 * (n - 1))
/home1/efeghhi/.conda/envs/env3/lib/python3.7/site-packages/pingouin/pairwise.py:1144: RuntimeWarning: divide by zero encountered in arctanh
  stats['z'] = np.arctanh(stats['r'].to_numpy())
Using channel 3
/home1/efeghhi/.conda/envs/env3/lib/python3.7/site-packages/pingouin/effsize.py:145: RuntimeWarning: divide by zero encountered in arctanh
  z = np.arctanh(stat)
/home1/efeghhi/.conda/envs/env3/lib/python3.7/site-packages/pingouin/power.py:923: RuntimeWarning: divide by zero encountered in arctanh
  zr = np.arctanh(r) + r / (2 * (n - 1))
/home1/efeghhi/.conda/envs/env3/lib/python3.7/site-packages/pingouin/pairwise.py:1144: RuntimeWarning: divide by zero encountered in arctanh
  stats['z'] = np.arctanh(stats['r'].to_numpy())
Using channel 4
/home1/efeghhi/.conda/envs/env3/lib/python3.7/site-packages/pingouin/effsize.py:145: RuntimeWarning: divide by zero encountered in arctanh
  z = np.arctanh(stat)
/home1/efeghhi/.conda/envs/env3/lib/python3.7/site-packages/pingouin/power.py:923: RuntimeWarning: divide by zero encountered in arctanh
  zr = np.arctanh(r) + r / (2 * (n - 1))
/home1/efeghhi/.conda/envs/env3/lib/python3.7/site-packages/pingouin/pairwise.py:1144: RuntimeWarning: divide by zero encountered in arctanh
  stats['z'] = np.arctanh(stats['r'].to_numpy())
Using channel 5
/home1/efeghhi/.conda/envs/env3/lib/python3.7/site-packages/pingouin/effsize.py:145: RuntimeWarning: divide by zero encountered in arctanh
  z = np.arctanh(stat)
/home1/efeghhi/.conda/envs/env3/lib/python3.7/site-packages/pingouin/power.py:923: RuntimeWarning: divide by zero encountered in arctanh
  zr = np.arctanh(r) + r / (2 * (n - 1))
/home1/efeghhi/.conda/envs/env3/lib/python3.7/site-packages/pingouin/pairwise.py:1144: RuntimeWarning: divide by zero encountered in arctanh
  stats['z'] = np.arctanh(stats['r'].to_numpy())
Using channel 6
/home1/efeghhi/.conda/envs/env3/lib/python3.7/site-packages/pingouin/effsize.py:145: RuntimeWarning: divide by zero encountered in arctanh
  z = np.arctanh(stat)
/home1/efeghhi/.conda/envs/env3/lib/python3.7/site-packages/pingouin/power.py:923: RuntimeWarning: divide by zero encountered in arctanh
  zr = np.arctanh(r) + r / (2 * (n - 1))
/home1/efeghhi/.conda/envs/env3/lib/python3.7/site-packages/pingouin/pairwise.py:1144: RuntimeWarning: divide by zero encountered in arctanh
  stats['z'] = np.arctanh(stats['r'].to_numpy())
Using channel 7
SAVE FILE NAME:  /scratch/efeghhi/catFR1/ENCODING/SWR_catFR1_R1659A_0_IFG_encodingNOIRI_soz_in_hamming.p
Saved data
finished ClusterRunSWRs for 555
