Running task number 2
/home1/efeghhi/.conda/envs/env3/lib/python3.7/site-packages/ptsa/data/timeseries.py:526: FutureWarning: xarray subclass TimeSeriesX should explicitly define __slots__
  class TimeSeriesX(TimeSeries):
/home1/efeghhi/.conda/envs/env3/lib/python3.7/site-packages/statsmodels/tools/_testing.py:19: FutureWarning: pandas.util.testing is deprecated. Use the functions in the public API at pandas.testing instead.
  import pandas.util.testing as tm
R1015J-0
/home1/efeghhi/.conda/envs/env3/lib/python3.7/site-packages/outdated/utils.py:18: OutdatedPackageWarning: The package pingouin is out of date. Your version is 0.3.4, the latest is 0.5.4.
Set the environment variable OUTDATED_IGNORE=1 to disable these warnings.
  **kwargs
/home1/efeghhi/.conda/envs/env3/lib/python3.7/site-packages/outdated/utils.py:18: OutdatedPackageWarning: The package outdated is out of date. Your version is 0.2.0, the latest is 0.2.2.
Set the environment variable OUTDATED_IGNORE=1 to disable these warnings.
  **kwargs
/home1/efeghhi/ripple_memory/create_events_mne.py:369: RuntimeWarning: Mean of empty slice
  temporal_list_mean = np.nanmean(temporal_transition_scores[temporal_transition_scores > -990])
/home1/efeghhi/ripple_memory/create_events_mne.py:369: RuntimeWarning: Mean of empty slice
  temporal_list_mean = np.nanmean(temporal_transition_scores[temporal_transition_scores > -990])
/home1/efeghhi/ripple_memory/create_events_mne.py:369: RuntimeWarning: Mean of empty slice
  temporal_list_mean = np.nanmean(temporal_transition_scores[temporal_transition_scores > -990])
/home1/efeghhi/.conda/envs/env3/lib/python3.7/site-packages/numpy/core/fromnumeric.py:3257: RuntimeWarning: Mean of empty slice.
  out=out, **kwargs)
/home1/efeghhi/.conda/envs/env3/lib/python3.7/site-packages/numpy/core/_methods.py:161: RuntimeWarning: invalid value encountered in double_scalars
  ret = ret.dtype.type(ret / rcount)
/home1/efeghhi/cmlreaders/cmlreaders/readers/electrodes.py:238: MissingCoordinatesWarning: Could not load MNI coordinates
  "Could not load MNI coordinates"))
/home1/efeghhi/.conda/envs/env3/lib/python3.7/site-packages/ptsa/data/readers/tal.py:43: FutureWarning: Lab-specific readers may be moved to the cmlreaders package (https://github.com/pennmem/cmlreaders)
  FutureWarning)
16 matching events found
No baseline correction applied
Not setting metadata
0 projection items activated
0 bad epochs dropped
Adding metadata with 23 columns
Setting up band-stop filter from 58 - 62 Hz

IIR filter parameters
---------------------
Butterworth bandstop zero-phase (two-pass forward and reverse) non-causal filter:
- Filter order 16 (effective, after forward-backward)
- Cutoffs at 58.00, 62.00 Hz: -6.02, -6.02 dB

[Parallel(n_jobs=8)]: Using backend LokyBackend with 8 concurrent workers.
[Parallel(n_jobs=8)]: Done  10 tasks      | elapsed:    5.3s
[Parallel(n_jobs=8)]: Done  96 tasks      | elapsed:    5.7s
[Parallel(n_jobs=8)]: Done 112 out of 112 | elapsed:    6.2s finished
Using channel 0
Using channel 1
Using channel 2
Using channel 3
/home1/efeghhi/.conda/envs/env3/lib/python3.7/site-packages/pingouin/effsize.py:145: RuntimeWarning: divide by zero encountered in arctanh
  z = np.arctanh(stat)
/home1/efeghhi/.conda/envs/env3/lib/python3.7/site-packages/pingouin/power.py:923: RuntimeWarning: divide by zero encountered in arctanh
  zr = np.arctanh(r) + r / (2 * (n - 1))
/home1/efeghhi/.conda/envs/env3/lib/python3.7/site-packages/pingouin/pairwise.py:1144: RuntimeWarning: divide by zero encountered in arctanh
  stats['z'] = np.arctanh(stats['r'].to_numpy())
Using channel 4
/home1/efeghhi/.conda/envs/env3/lib/python3.7/site-packages/pingouin/effsize.py:145: RuntimeWarning: divide by zero encountered in arctanh
  z = np.arctanh(stat)
/home1/efeghhi/.conda/envs/env3/lib/python3.7/site-packages/pingouin/power.py:923: RuntimeWarning: divide by zero encountered in arctanh
  zr = np.arctanh(r) + r / (2 * (n - 1))
/home1/efeghhi/.conda/envs/env3/lib/python3.7/site-packages/pingouin/pairwise.py:1144: RuntimeWarning: divide by zero encountered in arctanh
  stats['z'] = np.arctanh(stats['r'].to_numpy())
Using channel 5
Using channel 6
SAVE FILE NAME:  /scratch/efeghhi/catFR1/NOIRI/SWR_catFR1_R1015J_0_HPC_surrounding_recallNOIRI_soz_in_hamming.p
Saved data
finished ClusterRunSWRs for 2
