Running task number 9
/home1/efeghhi/.conda/envs/env3/lib/python3.7/site-packages/ptsa/data/timeseries.py:526: FutureWarning: xarray subclass TimeSeriesX should explicitly define __slots__
  class TimeSeriesX(TimeSeries):
/home1/efeghhi/.conda/envs/env3/lib/python3.7/site-packages/statsmodels/tools/_testing.py:19: FutureWarning: pandas.util.testing is deprecated. Use the functions in the public API at pandas.testing instead.
  import pandas.util.testing as tm
/home1/efeghhi/.conda/envs/env3/lib/python3.7/site-packages/outdated/utils.py:18: OutdatedPackageWarning: The package outdated is out of date. Your version is 0.2.0, the latest is 0.2.2.
Set the environment variable OUTDATED_IGNORE=1 to disable these warnings.
  **kwargs
/home1/efeghhi/.conda/envs/env3/lib/python3.7/site-packages/outdated/utils.py:18: OutdatedPackageWarning: The package pingouin is out of date. Your version is 0.3.4, the latest is 0.5.4.
Set the environment variable OUTDATED_IGNORE=1 to disable these warnings.
  **kwargs
R1676J-1
/home1/efeghhi/.conda/envs/env3/lib/python3.7/site-packages/numpy/core/fromnumeric.py:3257: RuntimeWarning: Mean of empty slice.
  out=out, **kwargs)
/home1/efeghhi/.conda/envs/env3/lib/python3.7/site-packages/numpy/core/_methods.py:161: RuntimeWarning: invalid value encountered in double_scalars
  ret = ret.dtype.type(ret / rcount)
/home1/efeghhi/.conda/envs/env3/lib/python3.7/site-packages/numpy/core/fromnumeric.py:3257: RuntimeWarning: Mean of empty slice.
  out=out, **kwargs)
/home1/efeghhi/.conda/envs/env3/lib/python3.7/site-packages/numpy/core/_methods.py:161: RuntimeWarning: invalid value encountered in double_scalars
  ret = ret.dtype.type(ret / rcount)
/home1/efeghhi/.conda/envs/env3/lib/python3.7/site-packages/ptsa/data/readers/tal.py:43: FutureWarning: Lab-specific readers may be moved to the cmlreaders package (https://github.com/pennmem/cmlreaders)
  FutureWarning)
27 matching events found
No baseline correction applied
Not setting metadata
0 projection items activated
0 bad epochs dropped
Adding metadata with 27 columns
Setting up band-stop filter from 58 - 62 Hz

IIR filter parameters
---------------------
Butterworth bandstop zero-phase (two-pass forward and reverse) non-causal filter:
- Filter order 16 (effective, after forward-backward)
- Cutoffs at 58.00, 62.00 Hz: -6.02, -6.02 dB

[Parallel(n_jobs=8)]: Using backend LokyBackend with 8 concurrent workers.
[Parallel(n_jobs=8)]: Done  10 tasks      | elapsed:    3.7s
[Parallel(n_jobs=8)]: Done 272 tasks      | elapsed:    4.4s
[Parallel(n_jobs=8)]: Done 351 out of 351 | elapsed:    4.8s finished
Using channel 0
R1676J, 1 skipped b/c below ripple rate thresh for ch.: 0
Using channel 1
Using channel 2
Using channel 3
R1676J, 1 skipped b/c below ripple rate thresh for ch.: 3
Using channel 4
Using channel 5
Using channel 6
R1676J, 1 skipped b/c below ripple rate thresh for ch.: 6
Using channel 7
Using channel 8
Using channel 9
R1676J, 1 skipped b/c below ripple rate thresh for ch.: 9
2024-03-24_20-57-16: DF Exception: Sub: R1676J, Sess: 1, ValueError, No column combination found. Please make sure that the specified columns exist in the dataframe, are numeric, and contains at least two unique values., file: create_events_mne.py, line no: 648
Program ran:  0
Save values:  1
finished ClusterRunSWRs for 9
