Running task number 0
/home1/efeghhi/.conda/envs/env3/lib/python3.7/site-packages/ptsa/data/timeseries.py:526: FutureWarning: xarray subclass TimeSeriesX should explicitly define __slots__
  class TimeSeriesX(TimeSeries):
/home1/efeghhi/.conda/envs/env3/lib/python3.7/site-packages/statsmodels/tools/_testing.py:19: FutureWarning: pandas.util.testing is deprecated. Use the functions in the public API at pandas.testing instead.
  import pandas.util.testing as tm
/home1/efeghhi/.conda/envs/env3/lib/python3.7/site-packages/outdated/utils.py:18: OutdatedPackageWarning: The package outdated is out of date. Your version is 0.2.0, the latest is 0.2.2.
Set the environment variable OUTDATED_IGNORE=1 to disable these warnings.
  **kwargs
/home1/efeghhi/.conda/envs/env3/lib/python3.7/site-packages/outdated/utils.py:18: OutdatedPackageWarning: The package pingouin is out of date. Your version is 0.3.4, the latest is 0.5.4.
Set the environment variable OUTDATED_IGNORE=1 to disable these warnings.
  **kwargs
R1024E-0
/home1/efeghhi/ripple_memory/create_events_mne.py:368: RuntimeWarning: Mean of empty slice
  temporal_list_mean = np.nanmean(temporal_transition_scores[temporal_transition_scores > -990])
/home1/efeghhi/ripple_memory/create_events_mne.py:368: RuntimeWarning: Mean of empty slice
  temporal_list_mean = np.nanmean(temporal_transition_scores[temporal_transition_scores > -990])
/home1/efeghhi/cmlreaders/cmlreaders/readers/electrodes.py:238: MissingCoordinatesWarning: Could not load MNI coordinates
  "Could not load MNI coordinates"))
/home1/efeghhi/.conda/envs/env3/lib/python3.7/site-packages/ptsa/data/readers/tal.py:43: FutureWarning: Lab-specific readers may be moved to the cmlreaders package (https://github.com/pennmem/cmlreaders)
  FutureWarning)
